{"C:\\Users\\saity\\WorkSpace\\PatikaChatApp\\src\\App.js": {"path":"C:\\Users\\saity\\WorkSpace\\PatikaChatApp\\src\\App.js","statementMap":{"0":{"start":{"line":7,"column":26},"end":{"line":7,"column":38}},"1":{"start":{"line":8,"column":26},"end":{"line":8,"column":38}},"2":{"start":{"line":11,"column":4},"end":{"line":13,"column":5}},"3":{"start":{"line":12,"column":6},"end":{"line":12,"column":13}},"4":{"start":{"line":14,"column":4},"end":{"line":14,"column":29}},"5":{"start":{"line":17,"column":25},"end":{"line":17,"column":56}},"6":{"start":{"line":17,"column":37},"end":{"line":17,"column":56}},"7":{"start":{"line":18,"column":2},"end":{"line":34,"column":4}},"8":{"start":{"line":23,"column":36},"end":{"line":23,"column":52}},"9":{"start":{"line":37,"column":15},"end":{"line":47,"column":2}}},"fnMap":{"0":{"name":"App","decl":{"start":{"line":6,"column":24},"end":{"line":6,"column":27}},"loc":{"start":{"line":6,"column":30},"end":{"line":35,"column":1}},"line":6},"1":{"name":"addToList","decl":{"start":{"line":10,"column":11},"end":{"line":10,"column":20}},"loc":{"start":{"line":10,"column":23},"end":{"line":15,"column":3}},"line":10},"2":{"name":"(anonymous_2)","decl":{"start":{"line":17,"column":25},"end":{"line":17,"column":26}},"loc":{"start":{"line":17,"column":37},"end":{"line":17,"column":56}},"line":17},"3":{"name":"(anonymous_3)","decl":{"start":{"line":23,"column":22},"end":{"line":23,"column":23}},"loc":{"start":{"line":23,"column":36},"end":{"line":23,"column":52}},"line":23}},"branchMap":{"0":{"loc":{"start":{"line":11,"column":4},"end":{"line":13,"column":5}},"type":"if","locations":[{"start":{"line":11,"column":4},"end":{"line":13,"column":5}},{"start":{},"end":{}}],"line":11}},"s":{"0":6,"1":6,"2":2,"3":1,"4":1,"5":6,"6":1,"7":6,"8":1,"9":2},"f":{"0":6,"1":2,"2":1,"3":1},"b":{"0":[1,1]},"_coverageSchema":"1a1c01bbd47fc00a2c39e90264f33305004495a9","hash":"e46ea0b96b7d50a4526e035fcb8de1f2c9410a76"}
,"C:\\Users\\saity\\WorkSpace\\PatikaChatApp\\src\\components\\index.js": {"path":"C:\\Users\\saity\\WorkSpace\\PatikaChatApp\\src\\components\\index.js","statementMap":{},"fnMap":{},"branchMap":{},"s":{},"f":{},"b":{},"_coverageSchema":"1a1c01bbd47fc00a2c39e90264f33305004495a9","hash":"590057dc7d59c2ddfdae6ade09e66e266a5c03b3"}
,"C:\\Users\\saity\\WorkSpace\\PatikaChatApp\\src\\components\\Button\\Button.js": {"path":"C:\\Users\\saity\\WorkSpace\\PatikaChatApp\\src\\components\\Button\\Button.js","statementMap":{"0":{"start":{"line":7,"column":2},"end":{"line":16,"column":4}}},"fnMap":{"0":{"name":"Button","decl":{"start":{"line":6,"column":24},"end":{"line":6,"column":30}},"loc":{"start":{"line":6,"column":68},"end":{"line":17,"column":1}},"line":6}},"branchMap":{"0":{"loc":{"start":{"line":6,"column":48},"end":{"line":6,"column":65}},"type":"default-arg","locations":[{"start":{"line":6,"column":56},"end":{"line":6,"column":65}}],"line":6}},"s":{"0":11},"f":{"0":11},"b":{"0":[10]},"_coverageSchema":"1a1c01bbd47fc00a2c39e90264f33305004495a9","hash":"6a9fd218b04fbc3720dd6e2ab123ecdb24bd13bf"}
,"C:\\Users\\saity\\WorkSpace\\PatikaChatApp\\src\\components\\Button\\Button.style.js": {"path":"C:\\Users\\saity\\WorkSpace\\PatikaChatApp\\src\\components\\Button\\Button.style.js","statementMap":{},"fnMap":{},"branchMap":{},"s":{},"f":{},"b":{},"_coverageSchema":"1a1c01bbd47fc00a2c39e90264f33305004495a9","hash":"dedef438bdba08c7dad235844d535e15e76f9ca2"}
,"C:\\Users\\saity\\WorkSpace\\PatikaChatApp\\src\\components\\Button\\index.js": {"path":"C:\\Users\\saity\\WorkSpace\\PatikaChatApp\\src\\components\\Button\\index.js","statementMap":{},"fnMap":{},"branchMap":{},"s":{},"f":{},"b":{},"_coverageSchema":"1a1c01bbd47fc00a2c39e90264f33305004495a9","hash":"46658226eacf489fa7b42356a17d75fcce33ac02"}
}
