TN:
SF:src\App.js
FN:6,App
FN:10,addToList
FN:17,(anonymous_2)
FN:23,(anonymous_3)
FNF:4
FNH:4
FNDA:6,App
FNDA:2,addToList
FNDA:1,(anonymous_2)
FNDA:1,(anonymous_3)
DA:7,6
DA:8,6
DA:11,2
DA:12,1
DA:14,1
DA:17,6
DA:18,6
DA:23,1
DA:37,2
LF:9
LH:9
BRDA:11,0,0,1
BRDA:11,0,1,1
BRF:2
BRH:2
end_of_record
TN:
SF:src\components\index.js
FNF:0
FNH:0
LF:0
LH:0
BRF:0
BRH:0
end_of_record
TN:
SF:src\components\Button\Button.js
FN:6,Button
FNF:1
FNH:1
FNDA:11,Button
DA:7,11
LF:1
LH:1
BRDA:6,0,0,10
BRF:1
BRH:1
end_of_record
TN:
SF:src\components\Button\Button.style.js
FNF:0
FNH:0
LF:0
LH:0
BRF:0
BRH:0
end_of_record
TN:
SF:src\components\Button\index.js
FNF:0
FNH:0
LF:0
LH:0
BRF:0
BRH:0
end_of_record
